<?xml version="1.0" encoding="UTF-8"?>
<testng-results skipped="3" failed="0" ignored="0" total="4" passed="1">
  <reporter-output>
  </reporter-output>
  <suite name="Default suite" duration-ms="65098" started-at="2018-12-19T20:33:50Z" finished-at="2018-12-19T20:34:55Z">
    <groups>
    </groups>
    <test name="Default test" duration-ms="65098" started-at="2018-12-19T20:33:50Z" finished-at="2018-12-19T20:34:55Z">
      <class name="com.perspecta.hybrid.suitea.Registration">
        <test-method status="PASS" signature="init()[pri:0, instance:com.perspecta.hybrid.suitea.Registration@59ec2012]" name="init" is-config="true" duration-ms="830" started-at="2018-12-19T20:33:50Z" finished-at="2018-12-19T20:33:51Z">
          <reporter-output>
          </reporter-output>
        </test-method> <!-- init -->
        <test-method status="PASS" signature="initTest()[pri:0, instance:com.perspecta.hybrid.suitea.Registration@59ec2012]" name="initTest" is-config="true" duration-ms="206" started-at="2018-12-19T20:33:51Z" finished-at="2018-12-19T20:33:51Z">
          <reporter-output>
          </reporter-output>
        </test-method> <!-- initTest -->
        <test-method status="PASS" signature="RegistrationTest(java.util.Hashtable)[pri:0, instance:com.perspecta.hybrid.suitea.Registration@59ec2012]" name="RegistrationTest" duration-ms="63202" started-at="2018-12-19T20:33:51Z" data-provider="getData" finished-at="2018-12-19T20:34:54Z">
          <params>
            <param index="0">
              <value>
                <![CDATA[{EmailConfirm=Test4@mail.com, Email1=Test5@mail.com, Runmode=Y, Phone=4.532124575E9, Zipcode=43243, Email1Confirm=Test5@mail.com, Email=Test4@mail.com, LastName=Tester4, City=Test, FirstName=User2, ExpectedResult=RegistrationSuccessful, Address1=123 Test Ln, Browser=Mozilla}]]>
              </value>
            </param>
          </params>
          <reporter-output>
          </reporter-output>
        </test-method> <!-- RegistrationTest -->
        <test-method status="PASS" signature="quit()[pri:0, instance:com.perspecta.hybrid.suitea.Registration@59ec2012]" name="quit" is-config="true" duration-ms="461" started-at="2018-12-19T20:34:54Z" finished-at="2018-12-19T20:34:54Z">
          <reporter-output>
          </reporter-output>
        </test-method> <!-- quit -->
        <test-method status="PASS" signature="initTest()[pri:0, instance:com.perspecta.hybrid.suitea.Registration@59ec2012]" name="initTest" is-config="true" duration-ms="1" started-at="2018-12-19T20:34:54Z" finished-at="2018-12-19T20:34:54Z">
          <reporter-output>
          </reporter-output>
        </test-method> <!-- initTest -->
        <test-method status="SKIP" signature="RegistrationTest(java.util.Hashtable)[pri:0, instance:com.perspecta.hybrid.suitea.Registration@59ec2012]" name="RegistrationTest" duration-ms="4" started-at="2018-12-19T20:34:54Z" data-provider="getData" finished-at="2018-12-19T20:34:54Z">
          <params>
            <param index="0">
              <value>
                <![CDATA[{EmailConfirm=Test@mail.com, Email1=Test1@mail.com, Runmode=N, Phone=4.532124575E9, Zipcode=43243, Email1Confirm=Test1@mail.com, Email=Test@mail.com, LastName=Tester2, City=Test, FirstName=User, ExpectedResult=RegistrationSuccessful, Address1=123 Test Ln, Browser=Chrome}]]>
              </value>
            </param>
          </params>
          <exception class="org.testng.SkipException">
            <message>
              <![CDATA[Runmode is set to NO]]>
            </message>
            <full-stacktrace>
              <![CDATA[org.testng.SkipException: Runmode is set to NO
at com.perspecta.hybrid.suitea.Registration.RegistrationTest(Registration.java:27)
at sun.reflect.NativeMethodAccessorImpl.invoke0(Native Method)
at sun.reflect.NativeMethodAccessorImpl.invoke(NativeMethodAccessorImpl.java:62)
at sun.reflect.DelegatingMethodAccessorImpl.invoke(DelegatingMethodAccessorImpl.java:43)
at java.lang.reflect.Method.invoke(Method.java:498)
at org.testng.internal.MethodInvocationHelper.invokeMethod(MethodInvocationHelper.java:124)
at org.testng.internal.Invoker.invokeMethod(Invoker.java:583)
at org.testng.internal.Invoker.invokeTestMethod(Invoker.java:719)
at org.testng.internal.Invoker.invokeTestMethods(Invoker.java:989)
at org.testng.internal.TestMethodWorker.invokeTestMethods(TestMethodWorker.java:125)
at org.testng.internal.TestMethodWorker.run(TestMethodWorker.java:109)
at org.testng.TestRunner.privateRun(TestRunner.java:648)
at org.testng.TestRunner.run(TestRunner.java:505)
at org.testng.SuiteRunner.runTest(SuiteRunner.java:455)
at org.testng.SuiteRunner.runSequentially(SuiteRunner.java:450)
at org.testng.SuiteRunner.privateRun(SuiteRunner.java:415)
at org.testng.SuiteRunner.run(SuiteRunner.java:364)
at org.testng.SuiteRunnerWorker.runSuite(SuiteRunnerWorker.java:52)
at org.testng.SuiteRunnerWorker.run(SuiteRunnerWorker.java:84)
at org.testng.TestNG.runSuitesSequentially(TestNG.java:1208)
at org.testng.TestNG.runSuitesLocally(TestNG.java:1137)
at org.testng.TestNG.runSuites(TestNG.java:1049)
at org.testng.TestNG.run(TestNG.java:1017)
at org.testng.remote.AbstractRemoteTestNG.run(AbstractRemoteTestNG.java:114)
at org.testng.remote.RemoteTestNG.initAndRun(RemoteTestNG.java:251)
at org.testng.remote.RemoteTestNG.main(RemoteTestNG.java:77)
]]>
            </full-stacktrace>
          </exception> <!-- org.testng.SkipException -->
          <reporter-output>
          </reporter-output>
        </test-method> <!-- RegistrationTest -->
        <test-method status="PASS" signature="quit()[pri:0, instance:com.perspecta.hybrid.suitea.Registration@59ec2012]" name="quit" is-config="true" duration-ms="144" started-at="2018-12-19T20:34:54Z" finished-at="2018-12-19T20:34:55Z">
          <reporter-output>
          </reporter-output>
        </test-method> <!-- quit -->
        <test-method status="SKIP" signature="RegistrationTest(java.util.Hashtable)[pri:0, instance:com.perspecta.hybrid.suitea.Registration@59ec2012]" name="RegistrationTest" duration-ms="2" started-at="2018-12-19T20:34:55Z" data-provider="getData" finished-at="2018-12-19T20:34:55Z">
          <params>
            <param index="0">
              <value>
                <![CDATA[{EmailConfirm=Test@mail.com, Email1=Test1@mail.com, Runmode=N, Phone=4.532124575E9, Zipcode=43243, Email1Confirm=Test1@mail.com, Email=Test@mail.com, LastName=Tester5, City=Test, FirstName=User, ExpectedResult=RegistrationSuccessful, Address1=123 Test Ln, Browser=IE}]]>
              </value>
            </param>
          </params>
          <exception class="org.testng.SkipException">
            <message>
              <![CDATA[Runmode is set to NO]]>
            </message>
            <full-stacktrace>
              <![CDATA[org.testng.SkipException: Runmode is set to NO
at com.perspecta.hybrid.suitea.Registration.RegistrationTest(Registration.java:27)
at sun.reflect.NativeMethodAccessorImpl.invoke0(Native Method)
at sun.reflect.NativeMethodAccessorImpl.invoke(NativeMethodAccessorImpl.java:62)
at sun.reflect.DelegatingMethodAccessorImpl.invoke(DelegatingMethodAccessorImpl.java:43)
at java.lang.reflect.Method.invoke(Method.java:498)
at org.testng.internal.MethodInvocationHelper.invokeMethod(MethodInvocationHelper.java:124)
at org.testng.internal.Invoker.invokeMethod(Invoker.java:583)
at org.testng.internal.Invoker.invokeTestMethod(Invoker.java:719)
at org.testng.internal.Invoker.invokeTestMethods(Invoker.java:989)
at org.testng.internal.TestMethodWorker.invokeTestMethods(TestMethodWorker.java:125)
at org.testng.internal.TestMethodWorker.run(TestMethodWorker.java:109)
at org.testng.TestRunner.privateRun(TestRunner.java:648)
at org.testng.TestRunner.run(TestRunner.java:505)
at org.testng.SuiteRunner.runTest(SuiteRunner.java:455)
at org.testng.SuiteRunner.runSequentially(SuiteRunner.java:450)
at org.testng.SuiteRunner.privateRun(SuiteRunner.java:415)
at org.testng.SuiteRunner.run(SuiteRunner.java:364)
at org.testng.SuiteRunnerWorker.runSuite(SuiteRunnerWorker.java:52)
at org.testng.SuiteRunnerWorker.run(SuiteRunnerWorker.java:84)
at org.testng.TestNG.runSuitesSequentially(TestNG.java:1208)
at org.testng.TestNG.runSuitesLocally(TestNG.java:1137)
at org.testng.TestNG.runSuites(TestNG.java:1049)
at org.testng.TestNG.run(TestNG.java:1017)
at org.testng.remote.AbstractRemoteTestNG.run(AbstractRemoteTestNG.java:114)
at org.testng.remote.RemoteTestNG.initAndRun(RemoteTestNG.java:251)
at org.testng.remote.RemoteTestNG.main(RemoteTestNG.java:77)
]]>
            </full-stacktrace>
          </exception> <!-- org.testng.SkipException -->
          <reporter-output>
          </reporter-output>
        </test-method> <!-- RegistrationTest -->
        <test-method status="PASS" signature="initTest()[pri:0, instance:com.perspecta.hybrid.suitea.Registration@59ec2012]" name="initTest" is-config="true" duration-ms="0" started-at="2018-12-19T20:34:55Z" finished-at="2018-12-19T20:34:55Z">
          <reporter-output>
          </reporter-output>
        </test-method> <!-- initTest -->
        <test-method status="PASS" signature="quit()[pri:0, instance:com.perspecta.hybrid.suitea.Registration@59ec2012]" name="quit" is-config="true" duration-ms="80" started-at="2018-12-19T20:34:55Z" finished-at="2018-12-19T20:34:55Z">
          <reporter-output>
          </reporter-output>
        </test-method> <!-- quit -->
        <test-method status="SKIP" signature="RegistrationTest(java.util.Hashtable)[pri:0, instance:com.perspecta.hybrid.suitea.Registration@59ec2012]" name="RegistrationTest" duration-ms="2" started-at="2018-12-19T20:34:55Z" data-provider="getData" finished-at="2018-12-19T20:34:55Z">
          <params>
            <param index="0">
              <value>
                <![CDATA[{EmailConfirm=Test@mail.com, Email1=Test1@mail.com, Runmode=N, Phone=4.532124575E9, Zipcode=43243, Email1Confirm=Test1@mail.com, Email=Test@mail.com, LastName=Tester4, City=Test, FirstName=User, ExpectedResult=RegistrationSuccessful, Address1=123 Test Ln, Browser=Edge}]]>
              </value>
            </param>
          </params>
          <exception class="org.testng.SkipException">
            <message>
              <![CDATA[Runmode is set to NO]]>
            </message>
            <full-stacktrace>
              <![CDATA[org.testng.SkipException: Runmode is set to NO
at com.perspecta.hybrid.suitea.Registration.RegistrationTest(Registration.java:27)
at sun.reflect.NativeMethodAccessorImpl.invoke0(Native Method)
at sun.reflect.NativeMethodAccessorImpl.invoke(NativeMethodAccessorImpl.java:62)
at sun.reflect.DelegatingMethodAccessorImpl.invoke(DelegatingMethodAccessorImpl.java:43)
at java.lang.reflect.Method.invoke(Method.java:498)
at org.testng.internal.MethodInvocationHelper.invokeMethod(MethodInvocationHelper.java:124)
at org.testng.internal.Invoker.invokeMethod(Invoker.java:583)
at org.testng.internal.Invoker.invokeTestMethod(Invoker.java:719)
at org.testng.internal.Invoker.invokeTestMethods(Invoker.java:989)
at org.testng.internal.TestMethodWorker.invokeTestMethods(TestMethodWorker.java:125)
at org.testng.internal.TestMethodWorker.run(TestMethodWorker.java:109)
at org.testng.TestRunner.privateRun(TestRunner.java:648)
at org.testng.TestRunner.run(TestRunner.java:505)
at org.testng.SuiteRunner.runTest(SuiteRunner.java:455)
at org.testng.SuiteRunner.runSequentially(SuiteRunner.java:450)
at org.testng.SuiteRunner.privateRun(SuiteRunner.java:415)
at org.testng.SuiteRunner.run(SuiteRunner.java:364)
at org.testng.SuiteRunnerWorker.runSuite(SuiteRunnerWorker.java:52)
at org.testng.SuiteRunnerWorker.run(SuiteRunnerWorker.java:84)
at org.testng.TestNG.runSuitesSequentially(TestNG.java:1208)
at org.testng.TestNG.runSuitesLocally(TestNG.java:1137)
at org.testng.TestNG.runSuites(TestNG.java:1049)
at org.testng.TestNG.run(TestNG.java:1017)
at org.testng.remote.AbstractRemoteTestNG.run(AbstractRemoteTestNG.java:114)
at org.testng.remote.RemoteTestNG.initAndRun(RemoteTestNG.java:251)
at org.testng.remote.RemoteTestNG.main(RemoteTestNG.java:77)
]]>
            </full-stacktrace>
          </exception> <!-- org.testng.SkipException -->
          <reporter-output>
          </reporter-output>
        </test-method> <!-- RegistrationTest -->
        <test-method status="PASS" signature="initTest()[pri:0, instance:com.perspecta.hybrid.suitea.Registration@59ec2012]" name="initTest" is-config="true" duration-ms="0" started-at="2018-12-19T20:34:55Z" finished-at="2018-12-19T20:34:55Z">
          <reporter-output>
          </reporter-output>
        </test-method> <!-- initTest -->
        <test-method status="PASS" signature="quit()[pri:0, instance:com.perspecta.hybrid.suitea.Registration@59ec2012]" name="quit" is-config="true" duration-ms="100" started-at="2018-12-19T20:34:55Z" finished-at="2018-12-19T20:34:55Z">
          <reporter-output>
          </reporter-output>
        </test-method> <!-- quit -->
      </class> <!-- com.perspecta.hybrid.suitea.Registration -->
    </test> <!-- Default test -->
  </suite> <!-- Default suite -->
</testng-results>
